<?xml version="1.0" encoding="UTF-8"?>
<!-- Generated by org.testng.reporters.JUnitXMLReporter -->
<testsuite ignored="0" hostname="LTIN234336" failures="0" tests="14" name="Test" time="85.205" errors="0" timestamp="2024-02-12T09:44:47 IST">
  <testcase classname="testCases.TC_001_CarLoan" name="CarEMICalculator" time="7.608"/>
  <testcase classname="testCases.TC_002_HomeLoan" name="homeEMICalculator" time="4.393"/>
  <testcase classname="testCases.TC_002_HomeLoan" name="getYearOYearData" time="2.937"/>
  <testcase classname="testCases.TC_003_LoanEMICalculator" name="selectEMICalculator" time="1.419"/>
  <testcase classname="testCases.TC_003_LoanEMICalculator" name="textBoxValidation" time="0.143"/>
  <testcase classname="testCases.TC_003_LoanEMICalculator" name="sliderValidation" time="4.74"/>
  <testcase classname="testCases.TC_003_LoanEMICalculator" name="loanTenureValidation" time="0.752"/>
  <testcase classname="testCases.TC_004_LoanAmountCalculator" name="selectLoanAmtCalculator" time="1.37"/>
  <testcase classname="testCases.TC_004_LoanAmountCalculator" name="textBoxValidation" time="0.161"/>
  <testcase classname="testCases.TC_004_LoanAmountCalculator" name="sliderValidation" time="4.628"/>
  <testcase classname="testCases.TC_004_LoanAmountCalculator" name="loanTenureValidation" time="0.966"/>
  <testcase classname="testCases.TC_005_LoanTenureCalculator" name="selectLoanTenureCalculator" time="1.183"/>
  <testcase classname="testCases.TC_005_LoanTenureCalculator" name="textBoxValidation" time="0.193"/>
  <testcase classname="testCases.TC_005_LoanTenureCalculator" name="sliderValidation" time="4.556"/>
</testsuite> <!-- Test -->
