<?xml version="1.0" encoding="UTF-8"?>
<testng-results ignored="0" total="1" passed="1" failed="0" skipped="0">
  <reporter-output>
  </reporter-output>
  <suite started-at="2024-02-12T10:55:22 IST" name="Suite" finished-at="2024-02-12T10:55:34 IST" duration-ms="11915">
    <groups>
      <group name="regression">
        <method signature="TC_001_CarLoan.CarEMICalculator()[pri:0, instance:testCases.TC_001_CarLoan@71809907]" name="CarEMICalculator" class="testCases.TC_001_CarLoan"/>
      </group> <!-- regression -->
      <group name="smoke">
        <method signature="TC_001_CarLoan.CarEMICalculator()[pri:0, instance:testCases.TC_001_CarLoan@71809907]" name="CarEMICalculator" class="testCases.TC_001_CarLoan"/>
      </group> <!-- smoke -->
    </groups>
    <test started-at="2024-02-12T10:55:22 IST" name="Test" finished-at="2024-02-12T10:55:34 IST" duration-ms="11915">
      <class name="testCases.TC_001_CarLoan">
        <test-method is-config="true" signature="setup(java.lang.String,java.lang.String)[pri:0, instance:testCases.TC_001_CarLoan@71809907]" started-at="2024-02-12T10:55:23 IST" name="setup" finished-at="2024-02-12T10:55:29 IST" duration-ms="5836" status="PASS">
          <params>
            <param index="0">
              <value>
                <![CDATA[chrome]]>
              </value>
            </param>
            <param index="1">
              <value>
                <![CDATA[Windows]]>
              </value>
            </param>
          </params>
          <reporter-output>
          </reporter-output>
        </test-method> <!-- setup -->
        <test-method signature="CarEMICalculator()[pri:0, instance:testCases.TC_001_CarLoan@71809907]" started-at="2024-02-12T10:55:29 IST" name="CarEMICalculator" finished-at="2024-02-12T10:55:33 IST" duration-ms="4477" status="PASS">
          <reporter-output>
          </reporter-output>
        </test-method> <!-- CarEMICalculator -->
        <test-method is-config="true" signature="tearDown()[pri:0, instance:testCases.TC_001_CarLoan@71809907]" started-at="2024-02-12T10:55:33 IST" name="tearDown" finished-at="2024-02-12T10:55:34 IST" duration-ms="1096" status="PASS">
          <reporter-output>
          </reporter-output>
        </test-method> <!-- tearDown -->
      </class> <!-- testCases.TC_001_CarLoan -->
    </test> <!-- Test -->
  </suite> <!-- Suite -->
</testng-results>
